<?xml version="1.0" encoding="UTF-8"?>
<!-- Generated by org.testng.reporters.JUnitXMLReporter -->
<testsuite ignored="3" hostname="DESKTOP-4C2FEB9" failures="0" tests="4" name="Casos de Prueba" time="0.365" errors="0" timestamp="2023-03-16T22:52:17 MST">
  <testcase classname="com.anotaciones.testNG.Anotaciones" name="test2" time="0.026"/>
  <testcase classname="com.anotaciones.testNG.Anotaciones" name="test2ymedio" time="0.013"/>
  <testcase classname="com.anotaciones.testNG.Anotaciones" name="test2ymedio" time="0.016"/>
  <testcase classname="com.anotaciones.testNG.Anotaciones" name="test2ymedio" time="0.014"/>
  <testcase classname="com.anotaciones.testNG.SegundoSet" name="prueba4" time="0.0">
    <ignored/>
  </testcase> <!-- prueba4 -->
  <testcase classname="com.anotaciones.testNG.Anotaciones" name="test1" time="0.0">
    <ignored/>
  </testcase> <!-- test1 -->
  <testcase classname="com.anotaciones.testNG.SegundoSet" name="prueba3" time="0.0">
    <ignored/>
  </testcase> <!-- prueba3 -->
</testsuite> <!-- Casos de Prueba -->
