<?xml version="1.0" encoding="UTF-8"?>
<testng-results ignored="0" total="1" passed="1" failed="0" skipped="0">
  <reporter-output>
  </reporter-output>
  <suite started-at="2023-03-22T22:26:04 MST" name="Default suite" finished-at="2023-03-22T22:26:16 MST" duration-ms="12618">
    <groups>
    </groups>
    <test started-at="2023-03-22T22:26:04 MST" name="Default test" finished-at="2023-03-22T22:26:16 MST" duration-ms="12618">
      <class name="testcases.CasosCarrito">
        <test-method signature="elegirArticulosAlAzar()[pri:0, instance:testcases.CasosCarrito@6c1a5b54]" started-at="2023-03-22T22:26:04 MST" name="elegirArticulosAlAzar" finished-at="2023-03-22T22:26:16 MST" duration-ms="12390" status="PASS">
          <reporter-output>
          </reporter-output>
        </test-method> <!-- elegirArticulosAlAzar -->
        <test-method is-config="true" signature="CerrarNavegador(org.openqa.selenium.WebDriver)[pri:0, instance:testcases.CasosCarrito@6c1a5b54]" started-at="2023-03-22T22:26:17 MST" name="CerrarNavegador" finished-at="1969-12-31T18:00:00 MST" duration-ms="-1679549177027" status="FAIL">
          <exception class="org.testng.TestNGException">
            <message>
              <![CDATA[
Can inject only one of <ITestContext, XmlTest> into a @AfterSuite annotated CerrarNavegador.
For more information on native dependency injection please refer to https://testng.org/doc/documentation-main.html#native-dependency-injection]]>
            </message>
            <full-stacktrace>
              <![CDATA[org.testng.TestNGException: 
Can inject only one of <ITestContext, XmlTest> into a @AfterSuite annotated CerrarNavegador.
For more information on native dependency injection please refer to https://testng.org/doc/documentation-main.html#native-dependency-injection
at org.testng.internal.Parameters.checkParameterTypes(Parameters.java:436)
at org.testng.internal.Parameters.createParametersForMethod(Parameters.java:350)
at org.testng.internal.Parameters.createParameters(Parameters.java:693)
at org.testng.internal.Parameters.createConfigurationParameters(Parameters.java:166)
at org.testng.internal.invokers.ConfigInvoker.invokeConfigurations(ConfigInvoker.java:277)
at org.testng.SuiteRunner.privateRun(SuiteRunner.java:404)
at org.testng.SuiteRunner.run(SuiteRunner.java:330)
at org.testng.SuiteRunnerWorker.runSuite(SuiteRunnerWorker.java:52)
at org.testng.SuiteRunnerWorker.run(SuiteRunnerWorker.java:95)
at org.testng.TestNG.runSuitesSequentially(TestNG.java:1256)
at org.testng.TestNG.runSuitesLocally(TestNG.java:1176)
at org.testng.TestNG.runSuites(TestNG.java:1099)
at org.testng.TestNG.run(TestNG.java:1067)
at org.testng.remote.AbstractRemoteTestNG.run(AbstractRemoteTestNG.java:115)
at org.testng.remote.RemoteTestNG.initAndRun(RemoteTestNG.java:251)
at org.testng.remote.RemoteTestNG.main(RemoteTestNG.java:77)
]]>
            </full-stacktrace>
          </exception> <!-- org.testng.TestNGException -->
          <reporter-output>
          </reporter-output>
        </test-method> <!-- CerrarNavegador -->
      </class> <!-- testcases.CasosCarrito -->
    </test> <!-- Default test -->
  </suite> <!-- Default suite -->
</testng-results>
