<?xml version="1.0" encoding="UTF-8"?>
<testng-results ignored="1" total="2" passed="1" failed="0" skipped="0">
  <reporter-output>
  </reporter-output>
  <suite started-at="2023-03-22T00:42:35 MST" name="Default suite" finished-at="2023-03-22T00:42:56 MST" duration-ms="21007">
    <groups>
    </groups>
    <test started-at="2023-03-22T00:42:35 MST" name="Default test" finished-at="2023-03-22T00:42:56 MST" duration-ms="21007">
      <class name="com.pruebasendtoend.iframesyesperas.ClaseEsperas">
        <test-method signature="EsperaExplicita()[pri:0, instance:com.pruebasendtoend.iframesyesperas.ClaseEsperas@1b11171f]" started-at="2023-03-22T00:42:36 MST" name="EsperaExplicita" finished-at="2023-03-22T00:42:56 MST" duration-ms="20840" status="PASS">
          <reporter-output>
          </reporter-output>
        </test-method> <!-- EsperaExplicita -->
      </class> <!-- com.pruebasendtoend.iframesyesperas.ClaseEsperas -->
    </test> <!-- Default test -->
  </suite> <!-- Default suite -->
</testng-results>
