<?xml version="1.0" encoding="UTF-8"?>
<!-- Generated by org.testng.reporters.JUnitXMLReporter -->
<testsuite ignored="1" hostname="DESKTOP-4C2FEB9" failures="0" tests="1" name="Default test" time="21.007" errors="0" timestamp="2023-03-22T00:42:57 MST">
  <testcase classname="com.pruebasendtoend.iframesyesperas.ClaseEsperas" name="EsperaExplicita" time="20.84"/>
  <testcase classname="com.pruebasendtoend.iframesyesperas.ClaseEsperas" name="EsperaImplicita" time="0.0">
    <ignored/>
  </testcase> <!-- EsperaImplicita -->
</testsuite> <!-- Default test -->
